warning: profiles for the non root package will be ignored, specify profiles at the workspace root:
package:   /Users/drmac/RustroverProjects/khodpay-wallet/crates/flutter_bridge/Cargo.toml
workspace: /Users/drmac/RustroverProjects/khodpay-wallet/Cargo.toml
    Blocking waiting for file lock on package cache
    Blocking waiting for file lock on package cache
    Blocking waiting for file lock on package cache
    Blocking waiting for file lock on package cache
    Blocking waiting for file lock on build directory
   Compiling khodpay-flutter-bridge v0.1.0 (/Users/drmac/RustroverProjects/khodpay-wallet/crates/flutter_bridge)
warning: unexpected `cfg` condition name: `frb_expand`
  --> crates/flutter_bridge/src/bridge.rs:27:1
   |
27 | #[frb]
   | ^^^^^^
   |
   = help: expected names are: `docsrs`, `feature`, and `test` and 31 more
   = note: using a cfg inside a attribute macro will use the cfgs from the destination crate and not the ones from the defining crate
   = help: try referring to `frb` crate for guidance on how handle this unexpected cfg
   = help: the attribute macro `frb` may come from an old version of the `flutter_rust_bridge_macros` crate, try updating your dependency with `cargo update -p flutter_rust_bridge_macros`
   = note: see <https://doc.rust-lang.org/nightly/rustc/check-cfg/cargo-specifics.html> for more information about checking conditional configuration
   = note: `#[warn(unexpected_cfgs)]` on by default
   = note: this warning originates in the attribute macro `frb` (in Nightly builds, run with -Z macro-backtrace for more info)

warning: unexpected `cfg` condition name: `frb_expand`
  --> crates/flutter_bridge/src/bridge.rs:53:1
   |
53 | #[frb]
   | ^^^^^^
   |
   = note: using a cfg inside a attribute macro will use the cfgs from the destination crate and not the ones from the defining crate
   = help: try referring to `frb` crate for guidance on how handle this unexpected cfg
   = help: the attribute macro `frb` may come from an old version of the `flutter_rust_bridge_macros` crate, try updating your dependency with `cargo update -p flutter_rust_bridge_macros`
   = note: see <https://doc.rust-lang.org/nightly/rustc/check-cfg/cargo-specifics.html> for more information about checking conditional configuration
   = note: this warning originates in the attribute macro `frb` (in Nightly builds, run with -Z macro-backtrace for more info)

warning: unexpected `cfg` condition name: `frb_expand`
  --> crates/flutter_bridge/src/bridge.rs:85:1
   |
85 | #[frb]
   | ^^^^^^
   |
   = note: using a cfg inside a attribute macro will use the cfgs from the destination crate and not the ones from the defining crate
   = help: try referring to `frb` crate for guidance on how handle this unexpected cfg
   = help: the attribute macro `frb` may come from an old version of the `flutter_rust_bridge_macros` crate, try updating your dependency with `cargo update -p flutter_rust_bridge_macros`
   = note: see <https://doc.rust-lang.org/nightly/rustc/check-cfg/cargo-specifics.html> for more information about checking conditional configuration
   = note: this warning originates in the attribute macro `frb` (in Nightly builds, run with -Z macro-backtrace for more info)

warning: unexpected `cfg` condition name: `frb_expand`
   --> crates/flutter_bridge/src/bridge.rs:124:1
    |
124 | #[frb]
    | ^^^^^^
    |
    = note: using a cfg inside a attribute macro will use the cfgs from the destination crate and not the ones from the defining crate
    = help: try referring to `frb` crate for guidance on how handle this unexpected cfg
    = help: the attribute macro `frb` may come from an old version of the `flutter_rust_bridge_macros` crate, try updating your dependency with `cargo update -p flutter_rust_bridge_macros`
    = note: see <https://doc.rust-lang.org/nightly/rustc/check-cfg/cargo-specifics.html> for more information about checking conditional configuration
    = note: this warning originates in the attribute macro `frb` (in Nightly builds, run with -Z macro-backtrace for more info)

warning: unexpected `cfg` condition name: `frb_expand`
   --> crates/flutter_bridge/src/bridge.rs:150:1
    |
150 | #[frb]
    | ^^^^^^
    |
    = note: using a cfg inside a attribute macro will use the cfgs from the destination crate and not the ones from the defining crate
    = help: try referring to `frb` crate for guidance on how handle this unexpected cfg
    = help: the attribute macro `frb` may come from an old version of the `flutter_rust_bridge_macros` crate, try updating your dependency with `cargo update -p flutter_rust_bridge_macros`
    = note: see <https://doc.rust-lang.org/nightly/rustc/check-cfg/cargo-specifics.html> for more information about checking conditional configuration
    = note: this warning originates in the attribute macro `frb` (in Nightly builds, run with -Z macro-backtrace for more info)

warning: unexpected `cfg` condition name: `frb_expand`
   --> crates/flutter_bridge/src/bridge.rs:163:1
    |
163 | #[frb]
    | ^^^^^^
    |
    = note: using a cfg inside a attribute macro will use the cfgs from the destination crate and not the ones from the defining crate
    = help: try referring to `frb` crate for guidance on how handle this unexpected cfg
    = help: the attribute macro `frb` may come from an old version of the `flutter_rust_bridge_macros` crate, try updating your dependency with `cargo update -p flutter_rust_bridge_macros`
    = note: see <https://doc.rust-lang.org/nightly/rustc/check-cfg/cargo-specifics.html> for more information about checking conditional configuration
    = note: this warning originates in the attribute macro `frb` (in Nightly builds, run with -Z macro-backtrace for more info)

warning: unexpected `cfg` condition name: `frb_expand`
   --> crates/flutter_bridge/src/bridge.rs:168:1
    |
168 | #[frb]
    | ^^^^^^
    |
    = note: using a cfg inside a attribute macro will use the cfgs from the destination crate and not the ones from the defining crate
    = help: try referring to `frb` crate for guidance on how handle this unexpected cfg
    = help: the attribute macro `frb` may come from an old version of the `flutter_rust_bridge_macros` crate, try updating your dependency with `cargo update -p flutter_rust_bridge_macros`
    = note: see <https://doc.rust-lang.org/nightly/rustc/check-cfg/cargo-specifics.html> for more information about checking conditional configuration
    = note: this warning originates in the attribute macro `frb` (in Nightly builds, run with -Z macro-backtrace for more info)

warning: unexpected `cfg` condition name: `frb_expand`
   --> crates/flutter_bridge/src/bridge.rs:225:1
    |
225 | #[frb]
    | ^^^^^^
    |
    = note: using a cfg inside a attribute macro will use the cfgs from the destination crate and not the ones from the defining crate
    = help: try referring to `frb` crate for guidance on how handle this unexpected cfg
    = help: the attribute macro `frb` may come from an old version of the `flutter_rust_bridge_macros` crate, try updating your dependency with `cargo update -p flutter_rust_bridge_macros`
    = note: see <https://doc.rust-lang.org/nightly/rustc/check-cfg/cargo-specifics.html> for more information about checking conditional configuration
    = note: this warning originates in the attribute macro `frb` (in Nightly builds, run with -Z macro-backtrace for more info)

warning: unexpected `cfg` condition name: `frb_expand`
   --> crates/flutter_bridge/src/bridge.rs:230:1
    |
230 | #[frb]
    | ^^^^^^
    |
    = note: using a cfg inside a attribute macro will use the cfgs from the destination crate and not the ones from the defining crate
    = help: try referring to `frb` crate for guidance on how handle this unexpected cfg
    = help: the attribute macro `frb` may come from an old version of the `flutter_rust_bridge_macros` crate, try updating your dependency with `cargo update -p flutter_rust_bridge_macros`
    = note: see <https://doc.rust-lang.org/nightly/rustc/check-cfg/cargo-specifics.html> for more information about checking conditional configuration
    = note: this warning originates in the attribute macro `frb` (in Nightly builds, run with -Z macro-backtrace for more info)

warning: unexpected `cfg` condition name: `frb_expand`
   --> crates/flutter_bridge/src/bridge.rs:345:1
    |
345 | #[frb]
    | ^^^^^^
    |
    = note: using a cfg inside a attribute macro will use the cfgs from the destination crate and not the ones from the defining crate
    = help: try referring to `frb` crate for guidance on how handle this unexpected cfg
    = help: the attribute macro `frb` may come from an old version of the `flutter_rust_bridge_macros` crate, try updating your dependency with `cargo update -p flutter_rust_bridge_macros`
    = note: see <https://doc.rust-lang.org/nightly/rustc/check-cfg/cargo-specifics.html> for more information about checking conditional configuration
    = note: this warning originates in the attribute macro `frb` (in Nightly builds, run with -Z macro-backtrace for more info)

warning: unexpected `cfg` condition name: `frb_expand`
   --> crates/flutter_bridge/src/bridge.rs:350:1
    |
350 | #[frb]
    | ^^^^^^
    |
    = note: using a cfg inside a attribute macro will use the cfgs from the destination crate and not the ones from the defining crate
    = help: try referring to `frb` crate for guidance on how handle this unexpected cfg
    = help: the attribute macro `frb` may come from an old version of the `flutter_rust_bridge_macros` crate, try updating your dependency with `cargo update -p flutter_rust_bridge_macros`
    = note: see <https://doc.rust-lang.org/nightly/rustc/check-cfg/cargo-specifics.html> for more information about checking conditional configuration
    = note: this warning originates in the attribute macro `frb` (in Nightly builds, run with -Z macro-backtrace for more info)

warning: unexpected `cfg` condition name: `frb_expand`
   --> crates/flutter_bridge/src/bridge.rs:426:1
    |
426 | #[frb]
    | ^^^^^^
    |
    = note: using a cfg inside a attribute macro will use the cfgs from the destination crate and not the ones from the defining crate
    = help: try referring to `frb` crate for guidance on how handle this unexpected cfg
    = help: the attribute macro `frb` may come from an old version of the `flutter_rust_bridge_macros` crate, try updating your dependency with `cargo update -p flutter_rust_bridge_macros`
    = note: see <https://doc.rust-lang.org/nightly/rustc/check-cfg/cargo-specifics.html> for more information about checking conditional configuration
    = note: this warning originates in the attribute macro `frb` (in Nightly builds, run with -Z macro-backtrace for more info)

warning: unexpected `cfg` condition name: `frb_expand`
   --> crates/flutter_bridge/src/bridge.rs:431:1
    |
431 | #[frb]
    | ^^^^^^
    |
    = note: using a cfg inside a attribute macro will use the cfgs from the destination crate and not the ones from the defining crate
    = help: try referring to `frb` crate for guidance on how handle this unexpected cfg
    = help: the attribute macro `frb` may come from an old version of the `flutter_rust_bridge_macros` crate, try updating your dependency with `cargo update -p flutter_rust_bridge_macros`
    = note: see <https://doc.rust-lang.org/nightly/rustc/check-cfg/cargo-specifics.html> for more information about checking conditional configuration
    = note: this warning originates in the attribute macro `frb` (in Nightly builds, run with -Z macro-backtrace for more info)

warning: unexpected `cfg` condition name: `frb_expand`
   --> crates/flutter_bridge/src/bridge.rs:489:1
    |
489 | #[frb]
    | ^^^^^^
    |
    = note: using a cfg inside a attribute macro will use the cfgs from the destination crate and not the ones from the defining crate
    = help: try referring to `frb` crate for guidance on how handle this unexpected cfg
    = help: the attribute macro `frb` may come from an old version of the `flutter_rust_bridge_macros` crate, try updating your dependency with `cargo update -p flutter_rust_bridge_macros`
    = note: see <https://doc.rust-lang.org/nightly/rustc/check-cfg/cargo-specifics.html> for more information about checking conditional configuration
    = note: this warning originates in the attribute macro `frb` (in Nightly builds, run with -Z macro-backtrace for more info)

warning: unexpected `cfg` condition name: `frb_expand`
   --> crates/flutter_bridge/src/bridge.rs:499:1
    |
499 | #[frb]
    | ^^^^^^
    |
    = note: using a cfg inside a attribute macro will use the cfgs from the destination crate and not the ones from the defining crate
    = help: try referring to `frb` crate for guidance on how handle this unexpected cfg
    = help: the attribute macro `frb` may come from an old version of the `flutter_rust_bridge_macros` crate, try updating your dependency with `cargo update -p flutter_rust_bridge_macros`
    = note: see <https://doc.rust-lang.org/nightly/rustc/check-cfg/cargo-specifics.html> for more information about checking conditional configuration
    = note: this warning originates in the attribute macro `frb` (in Nightly builds, run with -Z macro-backtrace for more info)

warning: unexpected `cfg` condition name: `frb_expand`
   --> crates/flutter_bridge/src/bridge.rs:564:1
    |
564 | #[frb]
    | ^^^^^^
    |
    = note: using a cfg inside a attribute macro will use the cfgs from the destination crate and not the ones from the defining crate
    = help: try referring to `frb` crate for guidance on how handle this unexpected cfg
    = help: the attribute macro `frb` may come from an old version of the `flutter_rust_bridge_macros` crate, try updating your dependency with `cargo update -p flutter_rust_bridge_macros`
    = note: see <https://doc.rust-lang.org/nightly/rustc/check-cfg/cargo-specifics.html> for more information about checking conditional configuration
    = note: this warning originates in the attribute macro `frb` (in Nightly builds, run with -Z macro-backtrace for more info)

warning: unexpected `cfg` condition name: `frb_expand`
   --> crates/flutter_bridge/src/bridge.rs:584:1
    |
584 | #[frb]
    | ^^^^^^
    |
    = note: using a cfg inside a attribute macro will use the cfgs from the destination crate and not the ones from the defining crate
    = help: try referring to `frb` crate for guidance on how handle this unexpected cfg
    = help: the attribute macro `frb` may come from an old version of the `flutter_rust_bridge_macros` crate, try updating your dependency with `cargo update -p flutter_rust_bridge_macros`
    = note: see <https://doc.rust-lang.org/nightly/rustc/check-cfg/cargo-specifics.html> for more information about checking conditional configuration
    = note: this warning originates in the attribute macro `frb` (in Nightly builds, run with -Z macro-backtrace for more info)

warning: unexpected `cfg` condition name: `frb_expand`
   --> crates/flutter_bridge/src/bridge.rs:592:1
    |
592 | #[frb]
    | ^^^^^^
    |
    = note: using a cfg inside a attribute macro will use the cfgs from the destination crate and not the ones from the defining crate
    = help: try referring to `frb` crate for guidance on how handle this unexpected cfg
    = help: the attribute macro `frb` may come from an old version of the `flutter_rust_bridge_macros` crate, try updating your dependency with `cargo update -p flutter_rust_bridge_macros`
    = note: see <https://doc.rust-lang.org/nightly/rustc/check-cfg/cargo-specifics.html> for more information about checking conditional configuration
    = note: this warning originates in the attribute macro `frb` (in Nightly builds, run with -Z macro-backtrace for more info)

warning: unexpected `cfg` condition name: `frb_expand`
   --> crates/flutter_bridge/src/bridge.rs:598:1
    |
598 | #[frb(name = "mnemonicPhraseToSeedHex")]
    | ^^^^^^^^^^^^^^^^^^^^^^^^^^^^^^^^^^^^^^^^
    |
    = note: using a cfg inside a attribute macro will use the cfgs from the destination crate and not the ones from the defining crate
    = help: try referring to `frb` crate for guidance on how handle this unexpected cfg
    = help: the attribute macro `frb` may come from an old version of the `flutter_rust_bridge_macros` crate, try updating your dependency with `cargo update -p flutter_rust_bridge_macros`
    = note: see <https://doc.rust-lang.org/nightly/rustc/check-cfg/cargo-specifics.html> for more information about checking conditional configuration
    = note: this warning originates in the attribute macro `frb` (in Nightly builds, run with -Z macro-backtrace for more info)

warning: unexpected `cfg` condition name: `frb_expand`
   --> crates/flutter_bridge/src/bridge.rs:609:1
    |
609 | #[frb]
    | ^^^^^^
    |
    = note: using a cfg inside a attribute macro will use the cfgs from the destination crate and not the ones from the defining crate
    = help: try referring to `frb` crate for guidance on how handle this unexpected cfg
    = help: the attribute macro `frb` may come from an old version of the `flutter_rust_bridge_macros` crate, try updating your dependency with `cargo update -p flutter_rust_bridge_macros`
    = note: see <https://doc.rust-lang.org/nightly/rustc/check-cfg/cargo-specifics.html> for more information about checking conditional configuration
    = note: this warning originates in the attribute macro `frb` (in Nightly builds, run with -Z macro-backtrace for more info)

warning: unexpected `cfg` condition name: `frb_expand`
   --> crates/flutter_bridge/src/bridge.rs:629:1
    |
629 | #[frb]
    | ^^^^^^
    |
    = note: using a cfg inside a attribute macro will use the cfgs from the destination crate and not the ones from the defining crate
    = help: try referring to `frb` crate for guidance on how handle this unexpected cfg
    = help: the attribute macro `frb` may come from an old version of the `flutter_rust_bridge_macros` crate, try updating your dependency with `cargo update -p flutter_rust_bridge_macros`
    = note: see <https://doc.rust-lang.org/nightly/rustc/check-cfg/cargo-specifics.html> for more information about checking conditional configuration
    = note: this warning originates in the attribute macro `frb` (in Nightly builds, run with -Z macro-backtrace for more info)

warning: unexpected `cfg` condition name: `frb_expand`
   --> crates/flutter_bridge/src/bridge.rs:648:1
    |
648 | #[frb]
    | ^^^^^^
    |
    = note: using a cfg inside a attribute macro will use the cfgs from the destination crate and not the ones from the defining crate
    = help: try referring to `frb` crate for guidance on how handle this unexpected cfg
    = help: the attribute macro `frb` may come from an old version of the `flutter_rust_bridge_macros` crate, try updating your dependency with `cargo update -p flutter_rust_bridge_macros`
    = note: see <https://doc.rust-lang.org/nightly/rustc/check-cfg/cargo-specifics.html> for more information about checking conditional configuration
    = note: this warning originates in the attribute macro `frb` (in Nightly builds, run with -Z macro-backtrace for more info)

warning: unexpected `cfg` condition name: `frb_expand`
   --> crates/flutter_bridge/src/bridge.rs:658:1
    |
658 | #[frb]
    | ^^^^^^
    |
    = note: using a cfg inside a attribute macro will use the cfgs from the destination crate and not the ones from the defining crate
    = help: try referring to `frb` crate for guidance on how handle this unexpected cfg
    = help: the attribute macro `frb` may come from an old version of the `flutter_rust_bridge_macros` crate, try updating your dependency with `cargo update -p flutter_rust_bridge_macros`
    = note: see <https://doc.rust-lang.org/nightly/rustc/check-cfg/cargo-specifics.html> for more information about checking conditional configuration
    = note: this warning originates in the attribute macro `frb` (in Nightly builds, run with -Z macro-backtrace for more info)

warning: unexpected `cfg` condition name: `frb_expand`
   --> crates/flutter_bridge/src/bridge.rs:681:1
    |
681 | #[frb]
    | ^^^^^^
    |
    = note: using a cfg inside a attribute macro will use the cfgs from the destination crate and not the ones from the defining crate
    = help: try referring to `frb` crate for guidance on how handle this unexpected cfg
    = help: the attribute macro `frb` may come from an old version of the `flutter_rust_bridge_macros` crate, try updating your dependency with `cargo update -p flutter_rust_bridge_macros`
    = note: see <https://doc.rust-lang.org/nightly/rustc/check-cfg/cargo-specifics.html> for more information about checking conditional configuration
    = note: this warning originates in the attribute macro `frb` (in Nightly builds, run with -Z macro-backtrace for more info)

warning: unexpected `cfg` condition name: `frb_expand`
   --> crates/flutter_bridge/src/bridge.rs:720:1
    |
720 | #[frb]
    | ^^^^^^
    |
    = note: using a cfg inside a attribute macro will use the cfgs from the destination crate and not the ones from the defining crate
    = help: try referring to `frb` crate for guidance on how handle this unexpected cfg
    = help: the attribute macro `frb` may come from an old version of the `flutter_rust_bridge_macros` crate, try updating your dependency with `cargo update -p flutter_rust_bridge_macros`
    = note: see <https://doc.rust-lang.org/nightly/rustc/check-cfg/cargo-specifics.html> for more information about checking conditional configuration
    = note: this warning originates in the attribute macro `frb` (in Nightly builds, run with -Z macro-backtrace for more info)

warning: unexpected `cfg` condition name: `frb_expand`
   --> crates/flutter_bridge/src/bridge.rs:744:1
    |
744 | #[frb]
    | ^^^^^^
    |
    = note: using a cfg inside a attribute macro will use the cfgs from the destination crate and not the ones from the defining crate
    = help: try referring to `frb` crate for guidance on how handle this unexpected cfg
    = help: the attribute macro `frb` may come from an old version of the `flutter_rust_bridge_macros` crate, try updating your dependency with `cargo update -p flutter_rust_bridge_macros`
    = note: see <https://doc.rust-lang.org/nightly/rustc/check-cfg/cargo-specifics.html> for more information about checking conditional configuration
    = note: this warning originates in the attribute macro `frb` (in Nightly builds, run with -Z macro-backtrace for more info)

warning: unexpected `cfg` condition name: `frb_expand`
   --> crates/flutter_bridge/src/bridge.rs:770:1
    |
770 | #[frb]
    | ^^^^^^
    |
    = note: using a cfg inside a attribute macro will use the cfgs from the destination crate and not the ones from the defining crate
    = help: try referring to `frb` crate for guidance on how handle this unexpected cfg
    = help: the attribute macro `frb` may come from an old version of the `flutter_rust_bridge_macros` crate, try updating your dependency with `cargo update -p flutter_rust_bridge_macros`
    = note: see <https://doc.rust-lang.org/nightly/rustc/check-cfg/cargo-specifics.html> for more information about checking conditional configuration
    = note: this warning originates in the attribute macro `frb` (in Nightly builds, run with -Z macro-backtrace for more info)

warning: unexpected `cfg` condition name: `frb_expand`
   --> crates/flutter_bridge/src/bridge.rs:796:1
    |
796 | #[frb]
    | ^^^^^^
    |
    = note: using a cfg inside a attribute macro will use the cfgs from the destination crate and not the ones from the defining crate
    = help: try referring to `frb` crate for guidance on how handle this unexpected cfg
    = help: the attribute macro `frb` may come from an old version of the `flutter_rust_bridge_macros` crate, try updating your dependency with `cargo update -p flutter_rust_bridge_macros`
    = note: see <https://doc.rust-lang.org/nightly/rustc/check-cfg/cargo-specifics.html> for more information about checking conditional configuration
    = note: this warning originates in the attribute macro `frb` (in Nightly builds, run with -Z macro-backtrace for more info)

warning: unexpected `cfg` condition name: `frb_expand`
   --> crates/flutter_bridge/src/bridge.rs:815:1
    |
815 | #[frb]
    | ^^^^^^
    |
    = note: using a cfg inside a attribute macro will use the cfgs from the destination crate and not the ones from the defining crate
    = help: try referring to `frb` crate for guidance on how handle this unexpected cfg
    = help: the attribute macro `frb` may come from an old version of the `flutter_rust_bridge_macros` crate, try updating your dependency with `cargo update -p flutter_rust_bridge_macros`
    = note: see <https://doc.rust-lang.org/nightly/rustc/check-cfg/cargo-specifics.html> for more information about checking conditional configuration
    = note: this warning originates in the attribute macro `frb` (in Nightly builds, run with -Z macro-backtrace for more info)

warning: unexpected `cfg` condition name: `frb_expand`
   --> crates/flutter_bridge/src/bridge.rs:838:1
    |
838 | #[frb]
    | ^^^^^^
    |
    = note: using a cfg inside a attribute macro will use the cfgs from the destination crate and not the ones from the defining crate
    = help: try referring to `frb` crate for guidance on how handle this unexpected cfg
    = help: the attribute macro `frb` may come from an old version of the `flutter_rust_bridge_macros` crate, try updating your dependency with `cargo update -p flutter_rust_bridge_macros`
    = note: see <https://doc.rust-lang.org/nightly/rustc/check-cfg/cargo-specifics.html> for more information about checking conditional configuration
    = note: this warning originates in the attribute macro `frb` (in Nightly builds, run with -Z macro-backtrace for more info)

warning: unexpected `cfg` condition name: `frb_expand`
   --> crates/flutter_bridge/src/bridge.rs:844:1
    |
844 | #[frb]
    | ^^^^^^
    |
    = note: using a cfg inside a attribute macro will use the cfgs from the destination crate and not the ones from the defining crate
    = help: try referring to `frb` crate for guidance on how handle this unexpected cfg
    = help: the attribute macro `frb` may come from an old version of the `flutter_rust_bridge_macros` crate, try updating your dependency with `cargo update -p flutter_rust_bridge_macros`
    = note: see <https://doc.rust-lang.org/nightly/rustc/check-cfg/cargo-specifics.html> for more information about checking conditional configuration
    = note: this warning originates in the attribute macro `frb` (in Nightly builds, run with -Z macro-backtrace for more info)

warning: `khodpay-flutter-bridge` (lib) generated 31 warnings
    Finished `release` profile [optimized] target(s) in 4m 19s
